<?xml version="1.0" encoding="UTF-8"?>
<!-- Generated by org.testng.reporters.JUnitXMLReporter -->
<testsuite ignored="2" hostname="LAPTOP-CSA1ESDA" failures="0" tests="3" name=" Login Test" time="11.185" errors="0" timestamp="2023-12-23T13:48:59 EST">
  <testcase classname="com.smart.parameters.OrangeHRMTest" name="launchApplication" time="5.365"/>
  <testcase classname="com.smart.parameters.OrangeHRMTest" name="loginTotheApplication" time="1.737"/>
  <testcase classname="com.smart.parameters.OrangeHRMTest" name="validateLogin" time="0.334"/>
  <testcase classname="com.smart.parameters.OrangeHRMTest" name="verifyMyInfo" time="0.0">
    <ignored/>
  </testcase> <!-- verifyMyInfo -->
  <testcase classname="com.smart.parameters.OrangeHRMTest" name="navigateToMyInfo" time="0.0">
    <ignored/>
  </testcase> <!-- navigateToMyInfo -->
</testsuite> <!--  Login Test -->
