<?xml version="1.0" encoding="UTF-8"?>
<!-- Generated by org.testng.reporters.JUnitXMLReporter -->
<testsuite ignored="1" hostname="LAPTOP-CSA1ESDA" failures="0" tests="4" name=" My Info Test" time="19.41" errors="0" timestamp="2023-12-23T13:49:18 EST">
  <testcase classname="com.smart.parameters.OrangeHRMTest" name="launchApplication" time="6.866"/>
  <testcase classname="com.smart.parameters.OrangeHRMTest" name="loginTotheApplication" time="2.03"/>
  <testcase classname="com.smart.parameters.OrangeHRMTest" name="navigateToMyInfo" time="1.596"/>
  <testcase classname="com.smart.parameters.OrangeHRMTest" name="verifyMyInfo" time="0.429"/>
  <testcase classname="com.smart.parameters.OrangeHRMTest" name="validateLogin" time="0.0">
    <ignored/>
  </testcase> <!-- validateLogin -->
</testsuite> <!--  My Info Test -->
