<?xml version="1.0" encoding="UTF-8"?>
<!-- Generated by org.testng.reporters.JUnitXMLReporter -->
<testsuite ignored="0" hostname="LAPTOP-CSA1ESDA" failures="0" tests="4" name="Test3" time="0.059" errors="0" timestamp="2023-12-30T15:19:21 EST">
  <testcase classname="com.smart.parallel.TestClass3" name="testMethod10" time="0.013"/>
  <testcase classname="com.smart.parallel.TestClass3" name="testMethod11" time="0.002"/>
  <testcase classname="com.smart.parallel.TestClass3" name="testMethod8" time="0.001"/>
  <testcase classname="com.smart.parallel.TestClass3" name="testMethod9" time="0.002"/>
</testsuite> <!-- Test3 -->
