<?xml version="1.0" encoding="UTF-8"?>
<!-- Generated by org.testng.reporters.JUnitXMLReporter -->
<testsuite ignored="0" hostname="LAPTOP-CSA1ESDA" failures="0" tests="4" name="Test" time="19.291" errors="0" timestamp="2023-12-30T14:55:36 EST">
  <testcase classname="com.smart.dataprovider.TestClass" name="testGoogle" time="10.396"/>
  <testcase classname="com.smart.dataprovider.TestClass" name="testGoogle" time="10.693"/>
  <testcase classname="com.smart.dataprovider.TestClass" name="testGoogle" time="7.24"/>
  <testcase classname="com.smart.dataprovider.TestClass" name="testGoogle" time="8.815"/>
</testsuite> <!-- Test -->
