<?xml version="1.0" encoding="UTF-8"?>
<!-- Generated by org.testng.reporters.JUnitXMLReporter -->
<testsuite ignored="9" hostname="LAPTOP-CSA1ESDA" failures="0" tests="5" name="TestOne" time="4.212" errors="0" timestamp="2023-12-29T17:53:45 EST">
  <testcase classname="com.smart.group.GroupTest" name="testMethod1" time="0.011"/>
  <testcase classname="com.smart.group.GroupTest" name="testMethod11" time="0.001"/>
  <testcase classname="com.smart.group.GroupTest" name="testMethod3" time="0.0"/>
  <testcase classname="com.smart.group.GroupTest" name="testMethod8" time="0.001"/>
  <testcase classname="com.smart.group.TestClass" name="testFacebook" time="4.158"/>
  <testcase classname="com.smart.group.TestClass" name="testOrangeHRM" time="0.0">
    <ignored/>
  </testcase> <!-- testOrangeHRM -->
  <testcase classname="com.smart.group.GroupTest" name="testMethod2" time="0.0">
    <ignored/>
  </testcase> <!-- testMethod2 -->
  <testcase classname="com.smart.group.TestClass" name="testGoogle" time="0.0">
    <ignored/>
  </testcase> <!-- testGoogle -->
  <testcase classname="com.smart.group.GroupTest" name="testMethod9" time="0.0">
    <ignored/>
  </testcase> <!-- testMethod9 -->
  <testcase classname="com.smart.group.GroupTest" name="testMethod10" time="0.0">
    <ignored/>
  </testcase> <!-- testMethod10 -->
  <testcase classname="com.smart.group.GroupTest" name="testMethod5" time="0.0">
    <ignored/>
  </testcase> <!-- testMethod5 -->
  <testcase classname="com.smart.group.GroupTest" name="testMethod4" time="0.0">
    <ignored/>
  </testcase> <!-- testMethod4 -->
  <testcase classname="com.smart.group.GroupTest" name="testMethod7" time="0.0">
    <ignored/>
  </testcase> <!-- testMethod7 -->
  <testcase classname="com.smart.group.GroupTest" name="testMethod6" time="0.0">
    <ignored/>
  </testcase> <!-- testMethod6 -->
</testsuite> <!-- TestOne -->
