<?xml version="1.0" encoding="UTF-8"?>
<!-- Generated by org.testng.reporters.JUnitXMLReporter -->
<testsuite ignored="0" hostname="LAPTOP-CSA1ESDA" failures="0" tests="11" name="Test1" time="0.081" errors="0" timestamp="2023-12-30T15:19:21 EST">
  <testcase classname="com.smart.parallel.TestClass3" name="testMethod10" time="0.013"/>
  <testcase classname="com.smart.parallel.TestClass3" name="testMethod11" time="0.002"/>
  <testcase classname="com.smart.parallel.TestClass3" name="testMethod8" time="0.001"/>
  <testcase classname="com.smart.parallel.TestClass3" name="testMethod9" time="0.003"/>
  <testcase classname="com.smart.parallel.TestClass2" name="testMethod5" time="0.002"/>
  <testcase classname="com.smart.parallel.TestClass2" name="testMethod6" time="0.002"/>
  <testcase classname="com.smart.parallel.TestClass2" name="testMethod7" time="0.001"/>
  <testcase classname="com.smart.parallel.TestClass1" name="testMethod1" time="0.002"/>
  <testcase classname="com.smart.parallel.TestClass1" name="testMethod2" time="0.001"/>
  <testcase classname="com.smart.parallel.TestClass1" name="testMethod3" time="0.003"/>
  <testcase classname="com.smart.parallel.TestClass1" name="testMethod4" time="0.001"/>
</testsuite> <!-- Test1 -->
