<?xml version="1.0" encoding="UTF-8"?>
<!-- Generated by org.testng.reporters.JUnitXMLReporter -->
<testsuite ignored="0" hostname="LAPTOP-CSA1ESDA" failures="0" tests="3" name="Test2" time="0.059" errors="0" timestamp="2023-12-30T15:19:21 EST">
  <testcase classname="com.smart.parallel.TestClass2" name="testMethod5" time="0.013"/>
  <testcase classname="com.smart.parallel.TestClass2" name="testMethod6" time="0.003"/>
  <testcase classname="com.smart.parallel.TestClass2" name="testMethod7" time="0.002"/>
</testsuite> <!-- Test2 -->
