<?xml version="1.0" encoding="UTF-8"?>
<!-- Generated by org.testng.reporters.JUnitXMLReporter -->
<testsuite ignored="1" hostname="LAPTOP-CSA1ESDA" failures="0" tests="2" name="TestInfinity" time="5.845" errors="0" timestamp="2023-12-17T11:51:38 EST">
  <testcase classname="com.qa.testNg.ClassOne" name="facebookTest" time="5.776"/>
  <testcase classname="com.qa.testNg.ClassTwo" name="testOrangeHRM" time="0.002"/>
  <testcase classname="com.qa.testNg.ClassOne" name="googleTest" time="0.0">
    <ignored/>
  </testcase> <!-- googleTest -->
</testsuite> <!-- TestInfinity -->
