<?xml version="1.0" encoding="UTF-8"?>
<!-- Generated by org.testng.reporters.JUnitXMLReporter -->
<testsuite ignored="0" hostname="LAPTOP-CSA1ESDA" failures="0" tests="3" name="SmokeTest" time="11.047" errors="0" timestamp="2023-12-17T11:52:42 EST">
  <testcase classname="com.qa.testNg.ClassOne" name="facebookTest" time="5.145"/>
  <testcase classname="com.qa.testNg.ClassOne" name="googleTest" time="5.833"/>
  <testcase classname="com.qa.testNg.ClassTwo" name="testOrangeHRM" time="0.002"/>
</testsuite> <!-- SmokeTest -->
